!iT Jeans
% Pure
10.Deep
191 Unlimited
1byone
21men
24/7 Comfort Apparel
24th & Ocean
2K Games
2xist
2XU
3.1 Phillip Lim
3M®
525 America
5th & Ocean
6 Shore Road
7 Diamonds
8732 Apparel
A Wish Come True
A&A Optical
A&R Sports
A.B.S. by Allen Schwartz
A.D. Sutton & Sons
A.K.A
A.L.C.
A.P.C.
a.testoni
A/X Armani Exchange
AA Aquarium
ABC Studios
abercrombie kids
Able provider
ABS by Allen Schwartz
Absorba
Abu Garcia
AC/DC
ACCEL
Accessory Innovations
Accessory Power
Accessory Workshop
Accutron
ACDelco
Acne Jeans
Acne Studios
Acorn
Acoustic Research
Acrobat
Active Wow
Activision
Actron®
Acure
Adams Golf
Add Down
Addison
Adee Kaye
adidas NEO
Adolfo
Adonna
Adrienne Landau
Advanced Graphics
Advantek
Advil
AERIN
Aero
AeroLatte
AeroPress
Afina
AGB
Agetec
Agfa
Agraria
Agua Bendita
AGUADECOCO
Ahava
Aidan Mattox
Aimee Kestenberg
Air Hogs
Air Zone
Airtex
Airwalk
AKA New York
Akademiks
Akai
AKIRA
AKOO
Akribos XXIV
Akris
Akris punto
Alan Flusser
Alba
Albert Nipon
Alberto Makali
Alcon
Alegro
Alessi
Alex & Ava
Alex Toys
Alexander Julian
Alexander Kalifano
Alexander Lloyd
Alexandra de Markoff
Alexandria
Alexis
Alexis Brittar
Alfred Angelo
Algenist
Ali & Kris
Alice & Trixie
Alice & You
Alien Workshop
Alife
All Four Paws
All Living Things
All Saints
All Sport
All That Jazz
Allegri
Allen Allen
Allen B. by Allen Schwartz
Allen Edmonds
Allen Solly
Alleson Athletic
Allison Brittney
Allison Daley
Allison Taylor
ALLOY
All-Power America
Allsop
Aloha
Alpha Industries
Alpine
Alpine Design
Altamont
Altar'd State
Alternative Apparel
Altra
Altru
Always For Me
Alyce Paris
Alyn Paige
Alythea
Amanda Smith
Ambi
Ambrielle
American Classics
American Mills
American Needle
American Tourister
American Vintage
American Weigh
Ami
AMIA
amika
Amoena
Amphibious Outfitters
Amsoil
amy coe
ANAMA
Anchor Blue
Anchor Hocking
Anderson Bean
Andis
Andrea by Sadek
ANDREA FENZI
Angelcare
Angelina
ANGL
Animal Adventure
Animal Alley
Animal Planet
Anita
Anker
Ann Marino
Anna Kostrova
Anna Sui
Anne Fontaine
Anne Michelle
Anolon
anon
Antigua
Antik Batik
Antilia Femme
Antique Rivet
Apostrophe
Aqua Clear
Aqua Lung Sport
Aquafresh
Aquarius
Aquatopia
Archaic
Archie Comics
ARCONA
Arc'teryx
Aria
Ariana Grande
Ariya
Ark & Co
Arm & Hammer
Armani
Armani Collezioni
Armani Exchange
Armani Jeans
Armor All®
Arm's Reach Concepts
Aroma
Arrid
Artful Dodger
Arturo Chiang
As U Wish
A-Shirt
Ashley B
Ashley Graham
Ashworth
ASOLO
Aspeed
Aspen Pet
Asphalt Yacht Club
Assets
ASSETS by Sara Blakely
Astroglide
AT&T
Atari
Athena
Athletech
ATI Technologies
Atlantis Toy and Hobby
ATLUS
Attends
Attention
Aubade
Audemars Piguet
AudioSource
Audio-Technica
Audiovox
Audrey Brooke
August Silk
Augusta Sportswear
Aurora World
Austin Clothing Co.
Austin Reed
Australian Gold
Authentic Original Vintage Style
Auto Expressions
Auto Meter
Auto Ventshade®
Automotive Innovations
Autumn Cashmere
Avanti
Aviator Nation
Avirex
Avon Cosmetics, Inc
AX Paris
Axcess
Axist
Azo
Azules
Azzaro
Azzuro
B Darlin
B is for Bear
B O X Packaging
B. Darlin
b. makowsky
B. Moss
B. Smart
b.o.c.
b.tempt'd
Babies R Us Infant
Babies R Us Plush
Baby Aspen
Baby Banz
Baby Be Mine
Baby Boom
Baby Brezza
Baby Bullet
Baby connection
Baby Delight
Baby Essentials
Baby Gear
Baby Legs
Baby Magic
Baby Orajel
BabyGanics
Babyhome
Bacati
Bacco Bucci
Bachmann Trains
Bachrach
Back Buddy
Back to Basics
BAD BOY
Badger Basket
Baffin
Bagatelle
Baggallini
Bailey
Baker & Taylor
Baker by Ted Baker
Bakers
Balboa Baby
Baleaf
Baltex
Bambo Nature
Bamboo Cay
Bamboobies
Banana Boat
Bananafish
Band of Gypsies
Bandai Namco
Bang & Olufsen
Banzai
Bar Lll
Baratza
Barbasol
Bare Minerals
Barefoot Dreams
Bari Jay
Barneys New York
Barron's
Barska
Basic Fun
Bassett Furniture
Bates
Batman
BaubleBar
Bausch & Lomb
Bay Studio
Bayer Expert Care
BBF
BC Footwear
BCBG Max Azria
Be Wicked!
Beach Joy
BEACH RIOT
Bear Archery
BEARPAW
Beautees
Beautifly
Beautycounter
Bebe Stores
BebeSounds
Becca
Becca Cosmetics
Bechamel
Bed Stu
BedHead
Beechnut
Begin Again
Bejeweled
Believe
Belif
Bell & Ross
Bell Sports
Bella Cucina
Bellatrix
Belldini
Belle by Sigerson Morrison
Belle Du Jour
BeMaternity
Ben Davis
Ben Hogan
Ben Marc
Ben Sherman
Benefit Cosmetics
Benetton
Bensoni Fashion House
Bepuzzled
Berek
Beretta
Bergan
Berkshire
Berne Apparel
BernzOmatic
Bershka
Bésame Cosmetics
Best Friends by Sheri
Bestever
Betsey Johnson Label
Betsy & Adam
Better Shea Butter
Bettie Page
Bettinis
Beverly Drive
Beverly Hills MD
Bh
Bialetti
Big Bang Theory
Big Boy Gear
Big Dogs
Big Time Toys
Big Wheels
Bike
Bikerwear
Bill Blass
Billionaire Boys Club
Billionaire Boys Club and Ice Cream
Billy Reid
Bio Oil
Bio Spot
Bioelements
Biossance
Bioworld
Bioworld Merchandising
Bird by Juicy Couture
Birdola
Bissell
Bite Beauty
Bitten
Bjorn Borg
Blac Label
Black Diamond
Black Halo
Black Ink Design
Black Poppy
Black Rivet
Black Scale
Blackhawk
BLACKHAWK!
Blackmilk
Blanc Noir
Blank NYC
BLANKNYC
BLANQI
Blauer
Blendtec
Blink
Blip Toys
Bliss
Blitz®
Blizzard
BLOCH
Bloomfield
Bloomingdale's
B-Low the Belt
Blowfish
Blu Pepper
Blue Asphalt
Blue Bird
Blue Box
Blue Buffalo
Blue Cult
Blue Magic®
Blue Microphones
Blue Nile
Blunt Power
Blush
BMW
Bob Mackie
BOB Strollers
Body & Hair
Body Central
Body Wrappers
Bogner
Bogosse
BOGS
Bolle
Bon Bebe
Bondi Band
Bonfire
BonJour
Bonnie Baby
Bonnie Jean
Bonobos
BonWorth
Boo!
Boogie Wipes
BooginHead
Boohoo Petite
Boohoo Plus
BOOMco.
Boon
Boots
Borghese
Born Fly
BornFree
Borrelli
Bosch
Boscia
BOSS Black
BOSS HUGO BOSS
Boston Traders
Bostonian
Botkier
Boudreaux
Boudreauxs Butt Paste
Bourbon and Bowties
Bourjois
Boutique 9
Bowery Supply
Bowflex
Boxercraft
Boy + Girl
BOYS + ARROWS
bp
Brake & Wheel Parts
Brandon Thomas
Bravado Designs
Brave Soul
BrazilRoxx
Breadman
Breckenridge
Breezies
Breitling
Brentwood
Bret Michaels
Briarpatch
Brica
Bridgestone Golf
Briefly Stated
Briggs New York
Brighton Collectibles
Briogeo
Brioni
Brittany Black
Brockum
Brookstone
Bruder Toys America
Bruin
Brut
Brute
Bubblegum
Bucket Feet
Buckley Supply Co.
Budge
Buffalo
Buffalo Games
Bugatchi
Bully Dog
Bulova
Bumble and bumble
Bumble Collection
Bumbleride
Bumkins
BumpStart
Bungalow
Burnside
butter LONDON
Buxton
Buxton Leather Goods
BVD
By Terry
C & C California Clothing
C&A
C&C California
C. O. Bigelow
C/MEO Collective
CA by vitamin A
Cabales
Cabernet
Cabin Creek
Cachet
Calgon
CALIA by Carrie Underwood
California Baby
California Concepts
California Costume Collection
California Scents
California Waves
Callisto
Calypso St. Barth
Cambio
Cambridge Classics
Cambridge Satchel
Camilia
Camilla
Camo
CAMPER
Campia Moda
Canali
Canari
Candle-Lite
Canterbury
Capcom
Capelli
Capelli of New York
Capresso
Captiva
Caramel
Caravelli
Cardi
Cardinal Industries
Cardinal of Canada
Cards Against Humanity
Carefree
Cargo
Caribbean Joe
Carlson Pet Products
Carmex
Carol Anderson
Carole Hochman
Carolina Blues
Carolina Colours
Carolina Herrera
Carol's Daughter
Carolyn Taylor
Carrhart
Carson Home Accents
Caruso
Carven
Cascade
Case Logic
Casetify
Cassandra Stone
Casual Corner
Casual Corner Annex
Casual Industrees
Catherine Malandrino
Catherine Popesco
Cathy Daniels
Cathy Jean
Catit
Caudalie
Cavi
CBK
CC Skye
CCB Collection
Cdc Clothing
Ceaco
Cecico
Céline
Cellini
Central Park West
Cepia
CeraVe
CERRUTI
Cesar
Cetaphil
Cezani
Cha Cha Vente
Chalk Line
Chamilia
Champion Sports
Champro
Chan Luu
Changes
Chann Luu
Chantecaille
Chantelle
Chapstick
Character
Charisma
Charles David
Charles Klein
Charles River Apparel
Charles Tyrwhitt
Charlie Banana
Charlie by Mattew Zink
Charlie Rocket
Charlotte Olympia
CharmLeaks
Cheetah
Chef's Choice
Chef's Secret
Chelsea & Violet
Chemex
Chequer
Chesley
Chetta B
Chevrolet
Chevron®
CHI
Chic
Chicago
Childcraft
Chilton
China Glaze Co. Ltd.
Chip & Pepper
Chloe K
Chocolove
CHOISE
Chopard
Choppers
Christian Audigier
Christian Lacroix
Christina
Christine Alexander
Christophe Robin
Christopher Blue
Chroma™
Chrome Hearts
Chromo Inc
Chronicle Books
Chuckit
Chums
Ciaté London
Cinema Secrets
CIOR
Cipo & Baxx
Circa
Circo
Circulon
Citizens of Humanity
Citizens of Humanity Jeans
Citron Santa Monica
City Chic
City Streets
City Studio
City Triangles
CJ Banks
CK Jeans
Claiborne
Clairol
Clarisonic
Clarisse
Clark's Botanicals
Classic Accessories
Classic Elements
Classic Media
Classiques Entier
Claybrooke
Clean & Clear
Clear Care
Clearasil
Cleobella
Cliff Keen
Clinique Du Rond
Clio
Clover Canyon
Club Monaco
CM Style Fashion
Cobra Electronics
Coby Electronics
Coca-Cola
Coco Rave
Coco Reef
Cocomo
Code Bleu
Coed Sportwear
Colebrook
Coleman
Colin Stuart
Collector's Gallery
College Edition
Colonial Candle
Color Oops
Colorado Clothing
Colorbok
Colorforms
Colourpop
Combi International
Comfort & Harmony
Comfort Choice
Comfort Zone
Comic Images
Commonwealth Toys
Comotomo
ComplyRight
Comptoir Sud Pacifique
Concept One
Consensus
Context
Contigo
Contours
Coobie
COOGI
Coogi Fashions
Cookie Lee
Cooks Essentials
Coola
Cooler Master
COOLMAX
Cooperative
Copco
Copper Fit
Copper Key
Coral Bay
Cordani Shoes
Corolle
Corona
Corral
Corsair
Corso Como
Cosabella
Costume Super Center
Cotton Express
Cotton Heritage
Cotton Tale Designs
Coty, Inc.
Coulbourne
Counterparts
Courtenay
Cover Fx
Cover Girl
Coverking
Crabtree & Evelyn
Craftsman
Cra-Z-Art
Crazy Horse
Creative Designs
Creative Labs
Creative Recreation
Creed
Cremieux
Cristiani
CritterWare
Crofton
Croota
Crosley Radio
Crown Pet
Cruiser Accessories
Crystal Clear
Crystal Doll
Crystal Kobe
Crystal Rock
Cubavera
Cumberland Bay
Curel
Current/Elliott
Curtis Computer Products
Curvation
Curvy Couture
Custo Barcelona
Custom Variety Pack
Cutie Pie Baby
Cutter & Buck
CW-X
Cygnus
Cynthia Howie
Cynthia Steffe
Cynthia Vincent
Cypress Links
Cyrus
D'Addario
Dainese
Dakine
DAKS
Dale Of Norway
Dalia
Da-Nang
Dandelion
Daniel Cremieux
Daniel Ellissa
Daniel Rainn
Danielle Nicole
Danielson Designs
Danier
DANISH ENDURANCE
Danner Inc
Dansk
Dantelle
Dark Horse
Dashmat®
Dave & Johnny
David & Goliath
David Brooks
David Carey
David Dart
David Kahn
David Meister
David Taylor
David Warren
Dawgs
Dazzle Multimedia
DBX
DC Sports
DCC
DDF
De La Mer
Debbie Morgan
deBeer
deborah lippmann
DECKY
Deco Mesh
DecoLav
Deena & Ozzy
Deer Stags
Deletta
Delia's
Delkin
DeLONG
DeLonghi
Delta Burke
Deltana
DeMarini
Demdaco
Denali
Deni
Denim & Co.
Denim & Supply Ralph Lauren
Denim Riders
Dennis Basso
Denon
Denso
DenTek
Derek Lam
Dereon
Dermal
Descente
Design History
Desitin
Dessy Collection
Destination Maternity
Deux Lux
DevaCurl
Devon & Jones
Dex Baby
Dexter
Dial
Diamond
Diamond Plate
Diamond Select
Diamondback
Diane Gilman
Diaper Dekor
Diaper Dude
Diaper Genie
Diba
Dingo
Diono
Diptyque
DIRECTV
Disguise
Disney Baby
Disney Interactive
Disney Pixar Planes
Disney Press
District
District Threads
Dittos
Diva
Divine Rights of Denim
DivX
DJI
DKNY Jeans
DKNYC
DL1961
Doe
Dog Games
Dog MD
Dogswell
Dolfin Swim
Dollar Shave Club
Dollie & Me
Donald J. Pliner
Donald Trump
Doncaster
Donna Bella
Donna Karan
Donna Karen
Donna Morgan
Donna Ricco
Donnybrook
Dora the Explorer
Dorel
Doris
Dorman®
Dorothy Perkins
Dotti
Double Zero
Douglas
Downy
DP
Dr. Brandt
Dr. Dennis Gross Skincare
Dr. Hauschka
Dr. Miracle's
Dr. Seuss
Dr. Teal's
Dragon Alliance
Dragonfly
Drake
Drakes
Dream Dazzlers
Dream Lites
dreamGEAR
Dreamgirl
Dreamworks Animated
Dremel
Dress Barn
DRI DUCK
Drinkwell
Drunk Elephant
Drybar
Dscp
Dsquared
Dubble Bubble
Duck Commander
Duck Head
Ducks Unlimited
Duluth Trading Company
Dunbrooke
Duncan Toys
Dunlop
DUO
Duo Maternity
Duracell
Durango
DuWop
DV by Dolce Vita
DVS
DVS Shoe Co.
Dyson
EA Sports
EACH X OTHER
Earl Jeans
Earnest Sewn
Earth Mama Angel Baby
Earth’s Nectar
Easel
Eastessence
Eastland
Eastpak
Easy Spirit
Eberjey
Ecco Bella
Eclectic Products
Ecote
Ecotools
Eddie Bauer Clothing
Edelbrock
Edu Science
Educational Insights
EDUN
Eight Eight Eight
EK Success
Ektelon
Elan
Electric Visual
Electric Yoga
Electronic Arts
Elegant Expressions
Elegant Moments
Elemis Ltd
Elenco
Elevenses
ELF
Elf on the Shelf
Elie Saab
Elie Tahari
elite HOCKEY
Eliza J
Elizabeth Hurley
Elizavecca
Ella Moss
Ellemenno
Elliott Lucca
Elomi
Elwood
Emachines
Emanuel Ungaro
Ematic
Emerald Sundae
Emerica
Emerson
Emile et Rose
Emilio Pucci
Emily Ray
Eminence
Emma Fox
Emporio Armani
Emson
Emu
Endless Rose
Energizer®
English Laundry
Enjoi
Entree
Enyce
Enyce Clothing
EO Essential Oils
Epic Threads
Ergodyne
Eric Carle
Eric Javits
Erika
Ermenegildo Zegna
Ernie Ball
Escante
Escential Essences
Escort Radar
eshakti
Especially for Baby
Especially For Kids
ESPN
Essence of Beauty
Essentials by Milano
Estes
Etch A Sketch
ethika
etnies
Etonic
Etro
Eucerin
Euro Cuisine
Euro-Pro
Eva Franco
Everly
Everly Grey
Ever-Pretty
EVGA
EVISU
EvoShield
Evriholder
Excalibur
Excell
Exergen
ExerSaucer
ExOfficio
EXP Computer
Express, Inc.
Exuviance
Ezekiel
Faber-Castell
FABRIZIO GIANNI
Fabulous Frannie
Faconnable
Faithfull the Brand
Fake Bake
Falls Creek
Family Guy
Famosa America
Famous Catalog
Famous Stars & Straps
Fantasie
Farmacy
Farsali
Fashion Fair
Fashion Forms
Fashion Junkee
Fashionomics
Fatal Clothing
Fathead
Fayreform
Feetures!
Fekkai
FELICITY & COCO
Fellowes
Fenn Wright Manson
Fergie
Ferragamo
Ferrecci
Fetco
Field & Stream
Field Gear
Fifth Sun
Filson
Filthy Dripped
Finders Keepers
Finish Line
FIONI Clothing
Fiore
Fiorentini + Baker
Fire Los Angeles
First Act
First Aid Beauty
First Alert
First Impressions
First Issue
First Looks
First Wave
Fitness Gear
Five Four
Fixgear
Fixodent
Fjallraven
Flavia
Flax
Flirtitude
Floppy Products
Floracraft
Florsheim
Flow Society
Fluker's
Fluxus
Fly London
Fly Society
Flying Tomato
Flynn Skye
Foley + Corinna
Folkmanis
Foot Locker
Foot Traffic
FootJoy
For Bare Feet
For Joseph
For Love and Lemons
FORAY
Ford Motorsport
Forecaster of Boston
Foreign Exchange
Foreo
Forever Unique
FORM Athletics
Forplay
Foster Grant
Foundry
Fourstar Clothing
FOX Outdoor
Foxcroft
FRAM®
Frame Denim
Francesco Biasia
Franco
Franco Sarto
Frank & Oak
Frankie B
Franklin Electronics
Franklin Learning Systems
Franklin Sports
Fred Perry
Frédérique Constant
French Connection
French Toast
Frenchi
Fresh
Fresh Produce
Freshly Picked
Freshman
Frigidaire
Friskies
frogg toggs
Frontline
Frost Cutlery
FUBU Apparel
Fuda
Fujifilm
Fun Years
Funrise
Funtasma
FX
G. Loomis
G.H. Bass & Co.
G.I. JOE
G.M. Specialties
Gabriel
GAIAM
GAIN
Gamo
Gant
Gap Inc.
Garage
Garfield & Marks
Gatorade
GBC
GBX
GEAR FOR SPORTS
Gearbox
Geeta
GEIGER
Generra
Genetic Denim
Geneva Platinum
Genica
GenOne
Gentle Giant
Gentle Souls
GeoDiscovery
Georgia Boot
Georgiou
GeoTrax
Gerber Childrenswear
Gerber Foods
Gevalia
Ghast
Giacca
Gianfranco Ferre
Giani Bernini
Giftcraft
Gigabyte
Gigatent
GiGi New York
G-III
Gillette Venus
Gimmick
Ginsey
Giordano
Giorgio Armani
Giorgio Brutini
Giovanni
Giovanni Navarre
Girbaud
Giro
Gitano
Giuseppe Zanotti
GK
Glamglow
Glamorise
Glide Bikes
Glo
Glo Clothing
Global Holdings
Glo-Brite
GloFish
GloMinerals
Gloria Vanderbilt
GM
GM Performance Parts
GNC Pets
Go Athletic Apparel
Godinger
goDog
GoGo Squeez
GoGroove Pal
GOLD TOE
GoldieBlox
Gold's Gym
Golf Pride
Goliath Games
Good Cook
Good Technology
Goodie Two Sleeves
Goody
Goodyear
GoPro
Gossard
Gossip Girl
Got 2B
Gotcha
Gotta Flurt
Gottex
GPX
Grace Elements
Grace Karin
Gracia
Graham & Spencer
Grand Slam
Grane
Grannick's
Grant Thomas
grass
Grasslands Road
Great Expectations
Great Northwest
GreatNeck®
Grecian Formula
Green Apple
Green Sprouts
Green Toys
Greenies
Greenleaf Dollhouses
Greenlight Collectibles
Greg Norman
Gregory
Greylin
Griffin
Groovy Toys
Grote
Grreat Choice
Gryphon
G-Star
Guard Master
Guess by Marciano
Guidecraft
Guinness
G-Unit
Gunne Sax
Guy Harvey
GX by Gwen Stefani
Gypsy 05
H By Hudson
Haband
Haggar
Haier
Hailey Logan
Hair Wellness Solutions
Hale Bob
Halston
Hamilton Collection
Hamilton Electronics
Hammersley
Hampshire Studio
Hanky Panky
Hanna Andersson
Hannspree
Hape
Happy Baby
Happy Chic Baby by Jonathan Adler
Happy Socks
Harbor Bay
Hard Candy Cosmetics
Hard Rock Cafe
Hardwood Classics
Harlowe and Graham
Harold's
HarperCollins Publishers
Harrington
Harris Tweed
Harriton
Harrow
Hart & Huntington
Hart Schaffner Marx
Hartstrings
Harvard Square
Harve Benard
Hathaway
Hauck
Haute Hippie
Hawk
Hayabusa
Haynes
Hazel
HDE
Head & Shoulders
HeartSoul
Hedstrom
Heelys
Hein Werner
Heinz
Heirloom Collectibles
Helix
Helly Hansen
Helmut Lang
Henckels
Henry Grethel
Herbal Essences
Heritage 1981
Hershey
Herve Leger
Hickey Freeman
High Sierra
Highlander
Highway Jeans
Hikari
Hilfiger Denim
Hill's Ideal Balance
Hill's Science Diet
Hind
Hint
Hipanema
Hippie
Hippie Rose
Hitachi
Hi-Tec
HM Leathercraft
hm-moden
Hobie
Hohner Kids
Hoka One
Holden
Holloway
Home Depot
Home-it
Honda
Honeywell
Honolua
Horizon Organic
Horny Toad
Hot Chillys
HOT MILK
Hourglass
House of Harlow 1960
Howard Miller
Howe
Hublot
Hudson
Hudson Baby
Huffy
Hugga Bebe
Huggies Goodnites
Huggies Little Swimmers
Huggies One & Done
Hugo Boss
Hunt Club
Hustler
Hyland's
Hyperlite
Hypertech®
I Heart Ronson
Iams
Ice Clothing
Icebreaker
Igloo
I-Jam
iLive
Illamasqua
Illesteva
Illuminations
Imaginarium
IMAN
Imperial Motion
Impossible
Impressions
In Bloom by Jonquil
InCharacter Costumes
Indah
Indie
Indigo Brands
Indigo Moon
Indigo Palms
Industrial Cotton
Infinity Raine
Ingear
Ingersoll-Rand
Inglesina
Ingrid & Isabel
INHABIT
Inika
Inner Beauty
Innova
Innovation First
Innovative Designs
Inov-
Instant Ocean
Instantly Ageless
InStep
Intel
InterAct
Intex
Intrigue
Investments
Invicta Watch Group
Iolani
ION Audio
Iris
iris & ivy
Irish Setter
Irish Spring
IRO
iRobot
Iron Maiden
Iron Man
Isabel Marant
Isabella Oliver
Isabella Rodriguez
ISDA & CO
ISIS
Island Escape
Island Shores
Islander
Issey Miyake
It Figures
Itech
It's Our Time
Ivy & Blu
Ivy Crew
iXCC
J & Company
J G Hook
J Kara
J L Childress
J Workshop
J&L
J. America
J. Ferrar
J. Jill
J. McLaughlin
J.Lo by Jennifer Lopez
Jac Vanek
Jacadi
Jachs
Jack by BB Dakota
Jack Daniels
Jack LaLanne
Jack Spade
JACO
Jacques Moret
Jafra
Jag Jeans
Jagermeister
Jamaica Bay
Jamaica Jaxx
Jambu
James Jeans
James Perse
Jams World
Jane Ashley
JanSport
Jantzen
Jason Maxwell
Jason Wu
Jay at Play
Jay Godfrey
Jazwares
JC Toys
Jean Paul Gaultier
Jeanne Pierre
Jeffrey Campbell
Jenni by Jennifer Moore
Jennifer Moore
Jenny Yoo
Jen's Pirate Booty
Jensen
Jeremy Scott x Adidas
Jergens
Jessica Howard
JET Performance
Jezebel
JF J. Ferrar
JH Design
Jil Sander
Jim Dunlop
JM Collection
JNCO
Joan & David
Joan Rivers
Joan Vass
Joby
Joe & Elle
Joe Fresh
Joe Marlin
Joe Rocket
John Ashford
John Blair
John Deere
John Frieda
John Hardy
John Henry
John Meyer
John Paul Richard
John Roberts
John Varvatos
John Varvatos Collection
John Varvatos Star USA
John Wiley
Johnny Martin
Johnny Was
Johnston & Murphy
Joico
Jollychic.com
Jonathan Adler
Jonathan Martin
Jones Jeans
Jones Sport
Jordan Craig
Jos. A. Bank
Josef Seibel
Joseph A
Joseph Ribkoff
Josephine Chaus
Josie
Josie Maran
Jostar
Jou Jou
Joujou
Joules
Journee Collection
Journey Girls
Joyce Chen
Joyce Leslie
Joyrich
JS Boutique
JS Collections
JTB
Judith Hart
Judith March
Juice Beauty
Juiceman
JuJu
Julep
Julie Brown
Juliette Has a Gun
Jump Apparel
Jun Planning
Junk Food
Junko Yoshioka
Just Born
Just Cavalli
Just Intimates
Just Like Home
Just Love
JWLA
K Advantix
K Studio
K&H
K&N Engineering
K. Bell
K2
Kae Argatherapie
Kaii
Kailijumei Lipsticks
Kaktus
Kalencom
Kalorik
Kama Sutra
Kamik
Kanebo
KangaRoos
KAPLAN MD
KaRa
Kardashian Kids
Karen Kane
Karen Millen
Karen Neuburger
Karen Scott
Karin Stevens
Karl Lagerfeld
Karma
Kasper
Kat Von D Beauty
Kate Aspen
Kate Hill
Kate Landry
Kathie Lee
kathy ireland
Kathy Lee
Katia
Katie B.
Katydid
Kawasaki
Kay Unger
Kaytee
Kc Collections
KDLINKS
Keekaroo
KEEN
Keepsake the Label
Kelly & Katie
Kelsi Dagger
Kelty
Kenar
Kendall
Kenneth Cole
Kensington
Kenwood
Kenzo
Keranique
Kerusso
Key
Khombu
kiara
Kickee Pants
Kickers
KidCo
KiddieLand
KidKraft
Kids Headquarters
Kids Preferred
Kidsline
Kidz Bop
Kiinde
KIINI
Kikit
Kikkerland
KIKO MILANO
Kim Rogers
KinderGlo
King Baby Studio
Kingston
Kirkland Signature
Kirra
Kische
Kiss Me
Kiss My Face
Kiton
Kiyonna
Kleenex
Klipsch
Klorane
Klutz
KMS California
Knights Sportswear
Knightsbridge
Knocker
Koala Baby Boutique
Koala Kids
KoalaKin
Koh Koh
Kolcraft
Koman
Kooba
Koolatron
Kopari
Koret
Korres
Koss
KR3W
Kraco
Krazy Kat
KRE-O
Krista Lee
Kristen Blake
Krush
Kryolan
Kryptonics
Kryptonics Skateboards
Ksubi
Kuhl
Kurgo
Kurio
Kushies Baby
Kyjen
L.A. Blues
L.A. Gear
L’Occitane
La Blanca
La Cabana
La Femme
La Girl
La Perla
La Prairie
La Redoute
La Roche-Posay
LA Splash
La Sportiv
LaBelle
Labtec
LaCrosse Footwear
Lady Hagen
Lady Noiz
Lafayette  New York
Lafayette 148 New York
Laguna Beach
Laguna Beach Jeans
Lakai
LAmade
LaMarque
Lampe Berger
Lancôme
Landau
Lapis
Laredo
LaROK
Larry Levine
Lasko
Last Kiss
LAT
Latique
Laundry by Design
Laundry by Shelli Segal
Laura Geller Makeup
Laura Scott
Laurel Burch
Lauren Moshi
Lavazza
LawMan
Lazy Oaf
Le Creuset
Le Mystere
Le Tigre
Leachco
Leading Lady
Learning Curve
Learning Resources
Leather Gallery
L'eggs
lei
Lela Rose
Lemon Grass
Lennie for Nina Leonard
Lenovo
Leota
Letarte
Leupold
Lexar
Lexmark
Libbey
Liebeskind
Life Stride
Lil Critters
Lil' Joey
Liliana
Lilith
lillebaby
Lilli Ann
Lillie Rubin
Lily Rose
Lily White
Lilyette
Lime Crime Cosmetics
Limited Too
Line & Dot
Linea Donatella
Linea Pelle
Lionel
Lions Gate
LipSense
Lipstick Bandit
Lipstick Boutique
Lipstick Queen
Lipsy
Liquid Blue
Lisa Maree
Listerine
Lite Brix
Litter Genie
Little Gifts
Little Kids
Little Lass
Little Me
Little Me Childrens Wear
Little Mistress
Little Pim
Little Remedies
Little Trees
Live a Little
Liverpool Jeans Company
Living Dead Souls
Living Proof
Living Textiles
Livinglibations
Lixit
Liz & Co.
Liz Baker
LK Bennett
Lladro
Local Celebrity
Local Motion
Lodge
Lodis
Loewe
Lojas Riachuelo
Lole
Lolita
Lolli swim
Lolly Wolly Doodle
Longines
Longitude
lonna & lilly
Lord & Taylor
Lorna Jane
Loro Piana
Lotus Traders
Lou & Grey
Loudmouth Golf
Louis Garneau
Louis Raphael
Loungefly
Love By Design
love on a hanger
Love Riche
Love Squared
Love Stitch
Loveappella
Lovers + Friends
Lowa
Luca Luca
LucasArts Entertainment
Lucca
Lucchese
Lucien Piccard
Lucky Dog
Lucy Activewear
Lucy Brand
Lucy Love
Lugz
Luichiny
Luli Fama
Lullaby Earth
Lulu
Lulu Frost
Lulu Guinness
Lulu Townsend
LulyBoo
Lumisource
Lunaire
Lush Clothing
Luvable Friends
Lyle & Scott
Lyons / Hit Ent.
Lyons Hit Entertainment
QALO
Quality Park
Quantum
Que
Quiksilver Waterman Collection
Quinny
R&K Originals
Rabbit Designs
RACHEL PALLY
Rachel Pally White Label
Rachel Roy
Raf Simons
Rafaella
Rafe
Rage Broadheads
Rags to Raches
Rain-X
Raisins
Ralph Lauren Black Label
Ralph Lauren Blue Label
Ralph Lauren Collection
Rand McNally
Random House
Rare Editions
Rasco FR
Raskullz
Ravebsburger
Raven Denim
Ravensburger
RAVPower
Raw State
RaZbaby
RBK
RD style
Reader's Digest
Real Clothes
Real Techniques
Reba
Rebecca Taylor
Rebel Spirit
Rebel Yell
Rebellious One
Reclaimed Vintage
Recoton
Red Ape
Red Camel
Red Carpet Manicure
Red Engine
Red Haute
Red Kap
Red Monkey
RED Valentino
Red Wing Shoes
RedHead
Redington
Reed
Reeds Jewelers
Reference Point
Reflections
Regalo
Reign
Relativity
Remain
Remington
REN
Rena Rowan
Renew Life
Renu
Renuzit
Rep-Cal
Replogle
Report Collection
Resistol
Restoration Hardware
Retro Chic
Retrofit
Reunion
Reusch
Revell
Revere
Reverie
RevitaLens
Revlon Colorsilk
Revlon Group
Revo
Revolt
Revolution
Reyn Spooner
Rhapsody
Rhonda Shear
Rich & Skinny
Richell
Riders
Riders by Lee
Riff Stars
Rihanna
Rimini
Ring of Fire
Rio Grande Games
Rioni
riot society
Rip Curl
Ripple Junction
Riva Designs
River Island
Riviera
RJ Story
RLX Ralph Lauren
Road Rippers
Robert Friedman
Robert Rodriguez
Robert Talbott
Roberta
Roberto Cavalli
Robin Piccone
RoC
Rocawear Clothing
Rock Chang
Rockies
Rocksmith
Rockstar
Rockstar Games
Rocktape
ROCKY
Rocky Brands, Inc.
Rodan and Fields
Rodd & Gunn
Rogue
Roller Derby
Rollerblade
Romeo & Juliet Couture
Romy
Ronco
ROOK
RoomMates
Roper
RoseArt
Roses by Reem Acra
Rosetti
Rosewill
Rossignol
Rothco
Rothschild
Roulette
Roundtree & Yorke
Rowan
Rowdy Gentleman
Royal Apparel
Royal Robbins
Royce
RRL
Rubbish
Rubies Costume Company
Ruby Rd.
Ruehl No. 925
Ruff Hewn
Rugged Earth Outfitters
Rugged Ridge
Rumparooz
Rusk
Rustler
Rustlers
RXB
Ryka
S by Safety st
Sacred Threads
Saddlebred
Sadie & Scout
Safety 1st
Saffron Rouge
Sag Harbor
Saint Tropez West
Sakar International
Saks Fifth Avenue Black Label
Saladmaster
Salt Lake Clothing
Salt Water Sandals by Hoy
Salt Works
Samsonite
Samuel Dong
Samy
San Diego Hat Company
Sandra Darren
Sandra Ingrish
sandro
Sangean
Sangria
Sanrio
Sans Souci
Sansabelt
Sante
Sanyo
Sarah Peyton
Sarah Spencer
SAS Safety Corp.
Sasson
Sassy
Savane
Savannah
Save the Queen
Savile Row
Savvy
Saxx
Scala
Scarlett
Scarpa
ScentBlocker
Scholastic Children
School Zone
Schott
Schott Leather Jackets
Schumacher Electric
Schutt
SCHUTZ
Schwarzkopf
Schylling
Scientific Explorer
Scoop Free
Scoots
Scope Brand Shop
Scosche
Scotch & Soda
Scott McClintock
Scott®
Screen Stars
Scrub Daddy
Scully
Scunci
Seachem
Seafolly
Sealy Mattresses
Sean Collection
Sean John Fashion
Sebago
Sebastian
Sebastian Professional
See by Chloe
See Kai Run
seeyou
Sejour
Sennheiser
Sensio
Senso
Sensodyne
Sentry
Sephora Favorites
SEPHORA+PANTONE UNIVERSE
Seraphine
Sere Nade
Seresto
Serta
Seven Dials
Seven7
Seychelles
Shabby Chic
Shaka Wear
Shane Company
Sharagano
Sharp
Shasa
Shaun White
She and Sky
Shea Moisture
Sheffield Knives
Shenanigans
Sherpa
Shift Management
Shimano
ShindigZ
Shinola
Shock Absorber
Shock Doctor
Shoreline Marine
Shoshanna
Show Me Your MuMu
Showtime
ShuShop
Shyanne
Sideout
Signorelli
Sigrid Olsen
SIGVARIS
Silhouette
Silhouettes
Silkies
Silkland
Silly Bandz
Silver
Silver Star
Silverlit
Simmons
Simms
Simon & Schuster
SimpleHuman
Simplicity
Simply Irresistible
Singing Machine
Sirius Satellite Radio
Siwy Jeans
SJB Active
SJP by Sarah Jessica Parker
Skagen
Skechers Kids
Sketchers
SK-II
Skilcraft
Skin Inc.
Skin Industries
Skin Laundry
SkinCeuticals
Skinny Minnie
Skintimate
SKLZ
Sky Organics
SkyCaddie
Skywalker Trampolines
SL Fashions
Slazenger
Sleeping on Snow
Slim Line
Slime®
Slinky Brand
Smart Games
Smart Gear
SmartCat
Smartzone
Smashbox Cosmetics
Smead
Smet
Smith Optics
Smithsonian
Smoky Mountain
Smythe
Snap-on
Snark
Snuggie
Social Collision
Sock It to Me
Sof Sole
Sofft
Soft Joie
Softsoap
Sol de Janeiro
Sole Society
Soludos
Solvit
Somedays Lovin
Sonia Kashuk
Sonia Rykiel
Sonic Scrubber
Sonix
Sony Computer Entertainment
Sony Electronics
Sophia
Soprano
Sorel
Sorrelli
Soulmates
South Pole
Southern Enterprises
Sovereign Code
Soybu
SPA Accessoires
SPARIN
Sparks
Sparrow
Speck
Spectra
Spectrum
SpeeCo
Speed Stick
Spenser Jeremy
Spiderman
Spider-Man
Spiderwire
Spiegel
Spigen
Spin Masters
Spitfire
Splash
Splat
Split
Spool 72
Sport Savvy
SportBrain
Sprout
Square Enix
Squeeze
Srixon
St. Croix
St. Ives
St. John
St. Tropez Tanning Essentials
Stacy Adams
Stampd
Stanley
Staple
Star City
Staring at Stars
Starmark
Startee
Stats
Steadfast Brand
Stedman
Stefano Ricci
Stenay
Stephen Webster
Sterling Industries
Sterling Publishing
Stetson
Steve & Barry's
Steve Harvey
Steven Alan
Steven by Steve Madden
Stila Cosmetics
Stitches
Stitch's
Stone Cold Fox
Stonebridge
Stoosh
Stop Staring
Storkcraft
Stormtech
Stranded
Streamlight®
String Swing
StriVectin
Stuart Weitzman
Studio Ease
Studio I
Studio Works
Studio Y
Stuhrling Original
STX
Style & Co
Styli-Style
Sue Devitt
Sue Wong
Sugarpill
SUGOI
Suit Studio
Sullen Clothing
Sultra
Sumersault
Summer Breeze
Summit Toys
Sun Mountain
Sun River
Sunbeam
Sundance
Sunday Riley
Sundog
Sunny Leigh
Super Pet
Super Stroke
Super Sunglasses
Superdry
Superga
Superior
Supra
Surfside Supply
Susan Bristol
Susan Lawrence
Susana Monaco
Sutton Studio
Suzi Chin
Swaddle Designs
SWAK
Swatch
Swedish Hasbeens
Sweet Heart Rose
Sweet Jojo Designs
Sweet Pea
Swiffer
Swimways
Swingster
Swiss Legend
Swix
Syroco
M by Marc Bouwer
M Missoni
M&M
M&O KNITS
M.I.A.
Mac & Jac
Mackage
Mackintosh
Maclaren
Mad Catz
Mad Engine
Madam C.J. Walker Beauty Culture
Madeline Stuart
Madison Leigh
Madison Studio
Maeve
Mag 1
Magaschoni
Magellan®
Magenta
Mag-Float
Magformers
Maggie Sottero
Maggy London
Magic Chef
Magic Sports
MagicFiber
Magicsuit
Magnavox
Magnolia
Magnum
Mainstreet Blues
Maison Goyard
Maison Jules
Maison Margiela
Maison Martin Margiela for H&M
maje
Makeup Eraser
Makeup Forever
Malibu
MAM
Mamas & Papas
Mammut
Mandalay
MANDALYNN
mandee
Manduka
Manga
Manhattan Toy
Mani
Mansur Gavriel
Mar Y Sol
Marc Ecko
marc ecko enterprises
Marc Fisher
Marc New York
Marcelo Burlon County of Milan
Marco Santi
Margarita
Marina
Marineland
Mario Badescu Skin Care
Marisa Christina
Marks and Spencer
Marsh Landing
Marshall
Martin Margiela
Marvel Universe
MarvelBeads
Marvin Richards
Mary Grace Swim
Marysia Swim
Maternal America
MATRIX
Matt Bernson
Matty M
Maui Jim
Mavi Jeans
Max & Mia
Max and Cleo
Max Azria
Max Edition
Max Mara
Maxell
Maxfli
Maxima
Maxine of Hollywood
Maxtor
May Queen
Maya
Maybelline New York
McDavid
McFarlane Sports
McGregor
McGuire Denim
McKenzie
me too
Mecca
Meccano
Mechanix Wear®
Mederma
Mediasonic
MeDusa
Mega Brands
Mega Hobby
Mehron
MEK
Mel by Melissa
Melannco
Melissa McCarthy
Melissa Odabash
Melitta
Melt Cosmetics
Members Only
Meme
Memorex
Men's Warehouse
Meow Mix
Mephisto
Mercer
Merle Norman
Merle Norman Cosmetics
Mermaid Maternity
Metaphor
Metra Electronics
Metro Pink
Metrokane
Mexx
Miami Ink
Michael Antonio
Michael Brandon
Miche
Mickey Mouse
Micro Innovations
Midland
Midtronics
Midwest
Mighty Fine
Mika Yoga Wear
Mikasa
Miken
Mikimoto
Milano
MILK MAKEUP
Milk-Bone
Millau
Miller's Forge
Milly
Mimi Chica
Mimi Maternity
Minecraft
Mineral Fusion
Ming Wang
Mini Boden
Mini Melissa
MINIMALE ANIMALE
MINKPINK
Minnie Mouse
Minnie Rose
Minolta
Miraclesuit®
Misfits
Mishka
Miskeen
Misook
Miss Chievous
Miss Dorby
Miss Elaine
Miss Jessie's
Miss Selfridge
MISS SIXTY
Misty Harbor
Mitre
Mitsubishi
Mix Nouveau
ML Monique Lhuillier
MM Couture
MMA Elite
Moa Moa
Modena
Modern Culture
Mojo Moxy
Molly Malloy
Mommy's Helper
Momo Maternity
Monarchy
Monet
Mongoose
Monistat
Monoprice
Monster Cable
Monteau
Monterey Club
Moon Boot
Moose Mountain
Mopas
Mophie
Morgan
Morgan & Co.
Morgan Taylor
Moroccan Oil
Mossy Oak
Motel Rocks
Moth
Motor Trend
Motorola Consumer Radios
Motto
Moulinette Soeurs
Mountain Buggy
Mountain Khakis
Mountain Lake
Movado
Mr. Coffee
Mr. Tea
MSI
Mud Pie
Mueller
Muk Luks
MunsingWear
Murad
Murano
Music Little People
Mustard Seed
Mustela
MV Sport
MXM
My Baby Sam
MyChelle Dermaceuticals
Mycra Pac Designer Wear
Mylec
Mystic
MZ Wallace
N.Y.L.A.
Nabisco Variety
Nair
Naked & Famous
Nambe
Nana
Nancy Ganz
NanoBlock
Naomi & Nicole
Narciso Rodriguez
Natasha Denona
National Geographic
Natori
Natsume
Natural Expressions
Natural Fitness
Nature's Variety Instinct
naughty monkey
NBN Gear
NeatNik
NEC Technologies
Necessary Clothing
Necessary Objects
Neewer
Neil Allyn
NeoCutis
Neosporin
Nespresso
New Arrivals
New Bright
New Directions
New York Color
NEXXUS
NIC+ZOE
Nicklaus
Nicola
Nicole by Nicole Miller
Nicole Lee
Night Moves
Nila Anthony
Nina
Nina Leonard
Nina Ottosson
Nina Ricci
Niteline
NIX
No Fear
No Nonsense
NO-AD
Nobo
NoJo
Nook
Nor Cal
Nordstrom Baby
Norma Kamali
Norpro
North End
North States
NorthCrest
Northwest Territory
Norton McNaughton
Nostalgia
Not Your Daughter's Jeans
Not Your Mother's
Nothing But Love
Notify
Novella Royale
Noxzema
Nubian Heritage
Nuby
NUDESTIX
Nudie Jeans
Nunn Bush
nununu
NuRoo
Nursery Fresh
Nurture by Lamaze
Nutrabella
Nutri-Vet
Nutro Max
NVIDIA
NY Collection
NY Jeans
NYC
Nyko
Oakley, Inc.
Oalka
Oasis
Obagi
Obermeyer
Ocean Current
Ocean Drive
Ocra
October Love
Odille
office supply brands
OGIO®
OGX
Oh Baby by Motherhood
Oh! Mamma
Oilily
Oki
Old Glory
Old Gringo
Old Soles
Old Spice
Ole Henricksen
Oleg Cassini
Olian
Oliver Peoples
Olivia + Joy
Olivia Moon
OLOOK
Olsenboye
OluKai
Olympus
Omega Paw
Omron
On The Fly
One Industries
One Step Up
Onitsuka Tiger
Onkyo
Only Mine
Onque Casuals
On-Stage Stands
Onzie
Opening Ceremony
OPI
Optimum
Orajel
Oregon Scientific
Organic Wear
Original Penguin
Oris
Orla Kiely
Orly
Orvis
Osh Kosh
Oshkosh
Osprey
OtterBox
Ouai
Ouidad
OULUOQI
OutBrook
Outdoor Life
Outdoor Research
Outer Banks
Outset Media
Outward Hound
Oxbow
Oxford
Oxford Golf
OXO Tot
P&N
Pacific Trail
Pacific World Corp
Paco Rabanne
PAIGE
Pal Zileri
Palladium Boots
Palm Beach
Palm Grove
Palmer's
Pam Grace Creations
Pamela Mccoy
Pampers Baby Dry
Pampers Easy Ups
Pampers Sensitive
Pampers Splashers
Panhandle Slim
Pantene
Papell Boutique
Paper Crane
Paper Fox
Paper Magic
papi
Papo
Paprika
Paradise Collection
Paradise Found
Paradise Kids
Paradox
Parallel
Paris Blues
Parish
Park Lane
Parker
Partners
Pasta Express
Pastry Shoe Collection
Patagonia, Inc.
Patek Philippe
Patrizia Pepe
PattyBoutik
PAUL & JOE
Paul Frank
Paul Fredrick
Paul Green
Paul Jones
Paul Smith Junior
Paula Deen
PCA Skin
Peaches
Peanut Shell
Peanuts
Pearhead
Pebble Beach
Peck & Peck
PediaCare
Pedialyte
Pedigree
Peg Perego
Pegasus
Pelican
Pelle
Pelle Pelle
Pencey
Pendleton Woolen Mills
Penguin Group
Penn Fishing
Pentel
People's Liberation
Pepe Jeans
Peppa Pig
Peppe Peluso
Per Se
Perception Sport
Perceptions
Performance Tool
Peripera
Perler
Perlina
Permatex®
Perricone MD
Persol
Persona
Peruvian Connection
Pet Ego
Pet Life
Pet Zone
Peter Millar
Peter Nygard
Peter Thomas Roth
Petit Tresor
Petite Sophisticate
Petmate
PetRageous Designs
Petunia Pickle Bottom
PEZ
PGA
PGA TOUR
Phat Farm
Phat Farm/Baby Phat
Phidal Publishing
Phil & Teds
Phillips
Phillips 66
Philosophy
Piazza Sempione
Piedmont
Pierre Cardin
Pierre Dumas
Pilcro
Pillsbury
Pinc Premium
Pineapple Connection
PING
Pink Chicken
Pink Dolphin
Pink Fizz
Pink Lotus
Pink Sugar
Pinkblush
Pinnacle Fishing
Pinnacle Systems
Pins & Needles
Pioneer Inc.
Pioneer Pet
Piperlime
Pixi
P'Kolino
Plackers
Plains Western Wear
Planet Hollywood
Planet Motherhood
Planet Pleasures
Planet Waves
PlaSmart
PlastiColor®
Play Along
Play MG
Playhut
Playmind Limited
Playstar
Pleasure Party
Pleione
plenty by Tracy Reese
Plugg
Plum Organics
Plus White
PNY
Point Zero
Polar Pro Filters
Poleci
Poligrip
Polk Audio
Polly & Esther
Polycom
PONY
Poof!
Pop Beauty
Popatu
PopCap
Porsche Design
Port & Company
Port Authority
Positive Attitude
Post-it
Pour la Victoire
Power A
Power Wheels
Powerbolt
PowerTorque®
Prabal Gurung
Prabal Gurung for Target
Prairie Dog Antlers
Pravana
Preggers
Prescriptives
Pre-Seed
Pressman Toy
Presto
Pretty Angel
Pretty Polly
Preval®
Prevue Pet Products
Primal Wear
Primo Emporio
Pringle of Scotland
Prinz
Pro Line
Proactiv
ProClub
Proctor Silex
Proenza Schouler
Profound Aesthetic
Progressive International
Pronto Uomo
Propet
PROPPER
ProTec
Protege
PRPS
Psycho Bunny
Publish
Puffs
Puj
Pull&Bear
Pulsar
Punch Studio
Puppia
Pure Boxing
Pure Color
Pure Life
Pureology
Purina Alpo
Purina Beneful
Purina Friskies
Purina One
Puritan
Pur-lisse
Purple Power®
PylePro
T3
Takeout
Tamara
Tano
Team Apparel
Technomarine
The Grinch
The Learning Journey
The Mountain
Thor
Thrive
Thule
Tiara
Tibi
Tile
Tivoli
Tootsie
TSE
Tucker
Tulle
TYR
Ultra Pro
Umbra
Velvet
Victorious
Wanted
Wildkin
Wilson Jones
XM
Y-3
Yada
Yes To
ZCO
ZENA
Zilla
Zoom
Zoot
Tacori
Tag Heuer
Taggies
Tangerine
Tangle Teezer
Tanner Mark
Tarina Tarantino
Tassimo
Tasso Elba
Tatcha
TDK
Tea Collection
Teac
Tecnica
Ted Baker
Telebrands
Tervis
Tessuto
Testament
TETON Sports
Tetra
Tevolio
Thayers
The Balm
The Sak
Thierry Mugler
ThinkFun
Thundershirt
Tiana b
Tick Twister
Tiffany Designs
Tiger Woods
Timber Creek
timi & leslie
Tinker Bell
Tinley Road
Tinseltown
Tissot
Toastmaster
TOCCA
Tom James
Tommy John
Tone
Tony Lama
Tony Moly
Too Fast
Top Fin
Tortle
Tous
Toynami
T-Party
TP-Link
Tracy Reese
Travis Mathew
Trench
Tresics
trèStiQue
Tretorn
Tria
Tribal
Tri-Mountain
Trina Turk
Tripp
Trudeau
Truly Scrumptious
Trunk Ltd
Trust
Tularosa
Tumi
Tundra
Turtle Beach
Tweeds
Tweezerman
Twenty X
Twiggy
Twisted Heart
Twisted X
Tyra Beauty
U.S. Polo Assn.
Ubbi
Ultra Flirt
Umbro
Unisa
United Colors Of Benetton
Unlisted
Upspring
Urban Republic
Urban Up
USA Hockey
USA Leather
USAF
Valerie Stevens
Van Cleef & Arpels
Vandor
Vaneli
Vanilla Sugar
Vantage
Vaseline
Vasque
Veet
Venum
Vertigo
Vetericyn
Via Spiga
Vichy
Vidal Sassoon
Viktor & Rolf
Vilebrequin
Villager
Vintage Havana
Vintage Red
Viper
Virgo
Viseart
VISSLA
Vita Liberata
Vitamins Baby
Viva Naturals
Vivienne Westwood
Viviscal
Volatile
Von Dutch
Von Zipper
Wallflower
wallis
Warby Parker
Warehouse
Waterford
WD.NY
Weather Tamer
Weavers
Wedgwood
Wella
Wembley
WeSC
West Coast Choppers
Westbound
Western Chief
Wham-O
Whirlpool
Whish
White Diamond
White Mountain
Wigwam
Wild Diva
Wild Republic
Williams Sonoma
Wittnauer
Wolford
Wolverine
WoodWick
Woot
WOW couture
WowWee
XCVI
XEN-TAN
Xscape
Xtreme Couture
Yamaha
Yohji Yamamoto
Yoki
You & Me
Youngblood
Youngland
Yours Clothing
Youth To The People
Yves Rocher
Zaggora
Zanerobe
Zara Terez
Zigi Soho
Zinke
Zobha
Zobo
Zoli
Zoo Med
Zoya
Zune
T by Alexander Wang
T&J Designs
T.J.Maxx
Tachikara
Tadashi Shoji
Tadpoles
TailorByrd
Tallia
Tally Ho
Taryn Rose
Taverniti
TAVIK swimwear
Taylor Dresses
Tech  Kids
Technics
Techno Source
Tee Shop
TeeFury
Teeze Me
Tek Nek
Teleflora
Ten Sixty Sherman
Tennessee River
Terry Lewis
Thakoon
Thames & Kosmos
The Blossom Apparel
The Bridge Direct
The Doctor's
The Estée Edit
The Freshnes
The Frye Company
The Instrument Store
The Laundry Room
The Magic Bullet
The Maya Group
The Noco Company
The Northwest Company
The Original Muck Boot Co.
The Peanut Shell
The Queens Treasures
The Timberland Company
The Wet Brush
The Whistler Group
The Wish Factory
The Wonder Forge
TheLees
Thinkway
This is a Love Song
Thom Browne
Thomas Dean
Thread Social
Threads 4 Thought
Three Dots
Three Hearts
Tiara International
Tiare Hawaii
Tickled Pink Tees
Tidy Cats
Tigerlily
TIGLIO
Tildon
tm!
Tolani
Tolly Tots
Tonner Doll Company
Tony & Tina
Top Flite
Top of the World
Topshop Petite
Tori Praver Swimwear
Torn by Ronny Kobo
totes ISOTONER
Towncraft
Toy Monster
Toys R Us Plush
Tractr
Tracy Evans
Treasure & Bond
Trend Lab
Trevco
triangl swimwear
Tribest
Tricots St. Raphael
Triple 5 Soul
Triple 7
Triple Five Soul
Triton Products
Trouve
True Light
True Rock
TRU-SPEC
Truth & Pride
Tultex
Turnbull & Asser
Turnbury
Twelfth Street by Cynthia Vincent
Twenty8Twelve
Twilight Gypsy Collective
Two by Vince Camuto
Two Faced Cosmetics
Two In The Shirt
Tylenol
Ubisoft
Uglydoll
Ujena
Ulla Popken
Ultima II
Ultimate Ears
UltimateTV RCA
Uncommon Threads
Underground Toys
Underscore
Unique Creations
United States Sweaters
Universal Baby
University Games
Univibe
Univsersal Studios
Unwired Technologies
Up Vibe
Update International
UpSpring Baby
Urban Behavior
USAopoly
Va Bien
Valco Baby
Valentino Garavani
Vanessa Bruno
Vava by Joy Han
Velvet by Graham & Spencer
Velvet Torch
Vera Pelle
Veronica Beard
Versace Collection
Versace Jeans
Versus By Versace
Vertigo Paris
Vesuvio Napoli
Vic Firth
Vickerman
Victor Costa
Victoria Jones
Victorinox Swiss Army®
ViewSonic
VillaWare
Violet & Claire
Visvim
Vitakraft
Vittorio St. Angelo
Vivid Imaginations
Viz Media
Vollrath
Voodoo Vixen
Vulli
Wagner Lighting
Wall Pops
Walt Disney Studios Entertainment
Walt Disney Studios Home Entertainment
Walter Hagen
WANT Les Essentiels
Warner Home Video
WB Games
WD-40®
WearFirst
Weaver Leather
Web RC
Weekenders
Wendy Bellissimo
West Bend
Western Express
Westward Leaning
Whiskas
White + Warren
White Mark
White Mountaineering
Willi Smith
William Rast
Willow & Clay
Winchester
Wincraft
Winlit
Winner's Circle
Winterland
Wish
Wit & Wisdom
Wolfgang Puck
Woman Within
Woman's Touch Apparel
Wonderworld
Workman
Worth
Wusthof
Xelement
Xenith
Xerox
XO Vision
Y- by Yohji Yamamoto
Yakima
Yankee Candle Company
Yazbek
YBike
Yigal Azrouel
Young Fabulous & Broke
Younique products
Yumi Kim
Yummie by Heather Thomson
Yummie Tummie
Yvolution
Z Cavaricci
Zadig & Voltaire
Zak Designs
Zana Di
Zanella
Zen Group
Zero + Maria Cornejo
Zimmerman
Z-Man Games
Zodax
Zoe Ltd
Zum Zum
ZyXEL
