47
Academy
Act
ADAM
Adams
Advent
Air Lift™
Alia
Allure
Alternative
AND
Ann
Anthony
Anxiety
Aqua
Army
Ash
Ask
Athlete
Atmosphere
Audi
Badger
Ball
Bamboo
Ban
Blair
Blank
Blind
BLUE
Bounce
Cactus
Cake
Canvas
Cardinal
Carnival
Castle
Casual
CAT
Century
Channel
CLEAN
Closet
Coast
Cobra
Com
Combi
Complete
Connected
Cooper
Cos
Crane
Creature
Curve
Curves
Cutters
Dazzle
Dragon
Eden
Edge
Elements
Elite
Elixir
Ellison
Elmo
Essentials
Evolution
Expressions
Fairway
Fanatics
Fascinations
Fast Lane
Ferrari
Fever
Filter
Flamingo
Flexi
Flip
Flirt
Focus
Ford
Franklin
Freeze
Galaxy
Gallery
Galt
GAME
Gear
Ghost
Giant
Gibson
Global
Globe
Goddess
Gorham
Grace
GUM
Hamilton
Hammer
HEAD
Heritage
HO
Horizon
HUGO
Ice
Iceberg
Icon
Imagine
Imperial
Inspire
Jeep
Johnson
Joie
JUMP
K & W
