Ann
Ball
Bliss
BLUE
Canterbury
Changes
Christina
Combi
Connected
Corolle
K & W
Dazzle
Eden
Edge
ELF
Ellison
Emerson
Erika
Excell
Fever
Flexi
Flirt
Freeze
Galt
Gear
GK
Investments
JACO
2xist3M®
a.testoni
A/X Armani Exchange
Actron®
AGUADECOCO
Air Lift™
Air Zone
ANAMA
Ann
Armor All®
Bésame Cosmetics
Bestever
Blitz®
Blue Magic®
BOSS HUGO BOSS
CBK
Changes
Chevron®
CHOISE
Chroma™
Coty, Inc.
Dashmat®
Denso
Dorman®
Drakes
Energizer®
EO Essential Oils
Fascinations
Feetures!
Fiorentini + Baker
FRAM®
GreatNeck®
Hypertech®
INHABIT
Jollychic.comCLEAN
Coast
Cos
Dial
Emerson
Expressions
Flexi
Flirt
10.Deep
Galt
